Flow report for Project4
Thu Nov 27 16:11:47 2014
Quartus II 32-bit Version 13.0.1 Build 232 06/12/2013 Service Pack 1 SJ Web Edition


---------------------
; Table of Contents ;
---------------------
  1. Legal Notice
  2. Flow Summary
  3. Flow Settings
  4. Flow Non-Default Global Settings
  5. Flow Elapsed Time
  6. Flow OS Summary
  7. Flow Log
  8. Flow Messages
  9. Flow Suppressed Messages



----------------
; Legal Notice ;
----------------
Copyright (C) 1991-2013 Altera Corporation
Your use of Altera Corporation's design tools, logic functions 
and other software and tools, and its AMPP partner logic 
functions, and any output files from any of the foregoing 
(including device programming or simulation files), and any 
associated documentation or information are expressly subject 
to the terms and conditions of the Altera Program License 
Subscription Agreement, Altera MegaCore Function License 
Agreement, or other applicable license agreement, including, 
without limitation, that your use is for the sole purpose of 
programming logic devices manufactured by Altera and sold by 
Altera or its authorized distributors.  Please refer to the 
applicable agreement for further details.



+--------------------------------------------------------------------------------------+
; Flow Summary                                                                         ;
+------------------------------------+-------------------------------------------------+
; Flow Status                        ; Analyzed - Thu Nov 27 16:11:47 2014             ;
; Quartus II 32-bit Version          ; 13.0.1 Build 232 06/12/2013 SP 1 SJ Web Edition ;
; Revision Name                      ; Project4                                        ;
; Top-level Entity Name              ; Processor                                       ;
; Family                             ; Cyclone II                                      ;
; Device                             ; EP2C20F484C7                                    ;
; Timing Models                      ; Final                                           ;
; Total logic elements               ; 2,580 / 18,752 ( 14 % )                         ;
;     Total combinational functions  ; 2,516 / 18,752 ( 13 % )                         ;
;     Dedicated logic registers      ; 909 / 18,752 ( 5 % )                            ;
; Total registers                    ; 909                                             ;
; Total pins                         ; 61 / 315 ( 19 % )                               ;
; Total virtual pins                 ; 0                                               ;
; Total memory bits                  ; 65,536 / 239,616 ( 27 % )                       ;
; Embedded Multiplier 9-bit elements ; 0 / 52 ( 0 % )                                  ;
; Total PLLs                         ; 1 / 4 ( 25 % )                                  ;
+------------------------------------+-------------------------------------------------+


+-----------------------------------------+
; Flow Settings                           ;
+-------------------+---------------------+
; Option            ; Setting             ;
+-------------------+---------------------+
; Start date & time ; 11/27/2014 16:10:36 ;
; Main task         ; Compilation         ;
; Revision Name     ; Project4            ;
+-------------------+---------------------+


+------------------------------------------------------------------------------------------------------------------------+
; Flow Non-Default Global Settings                                                                                       ;
+-------------------------------------+---------------------------------------+---------------+-------------+------------+
; Assignment Name                     ; Value                                 ; Default Value ; Entity Name ; Section Id ;
+-------------------------------------+---------------------------------------+---------------+-------------+------------+
; COMPILER_SIGNATURE_ID               ; 8796758596394.141712263603684         ; --            ; --          ; --         ;
; ENABLE_DRC_SETTINGS                 ; On                                    ; Off           ; --          ; --         ;
; IP_TOOL_NAME                        ; ALTPLL                                ; --            ; --          ; --         ;
; IP_TOOL_VERSION                     ; 13.0                                  ; --            ; --          ; --         ;
; MAX_CORE_JUNCTION_TEMP              ; 85                                    ; --            ; --          ; --         ;
; MIN_CORE_JUNCTION_TEMP              ; 0                                     ; --            ; --          ; --         ;
; MISC_FILE                           ; PLL_inst.v                            ; --            ; --          ; --         ;
; MISC_FILE                           ; PLL_bb.v                              ; --            ; --          ; --         ;
; MISC_FILE                           ; PLL.ppf                               ; --            ; --          ; --         ;
; PARTITION_COLOR                     ; 2147039                               ; --            ; Processor   ; Top        ;
; PARTITION_FITTER_PRESERVATION_LEVEL ; PLACEMENT_AND_ROUTING                 ; --            ; Processor   ; Top        ;
; PARTITION_NETLIST_TYPE              ; SOURCE                                ; --            ; Processor   ; Top        ;
; POWER_BOARD_THERMAL_MODEL           ; None (CONSERVATIVE)                   ; --            ; --          ; --         ;
; POWER_PRESET_COOLING_SOLUTION       ; 23 MM HEAT SINK WITH 200 LFPM AIRFLOW ; --            ; --          ; --         ;
; PROJECT_OUTPUT_DIRECTORY            ; output_files                          ; --            ; --          ; --         ;
; TOP_LEVEL_ENTITY                    ; Processor                             ; Project4      ; --          ; --         ;
+-------------------------------------+---------------------------------------+---------------+-------------+------------+


+-------------------------------------------------------------------------------------------------------------------------------+
; Flow Elapsed Time                                                                                                             ;
+---------------------------+--------------+-------------------------+---------------------+------------------------------------+
; Module Name               ; Elapsed Time ; Average Processors Used ; Peak Virtual Memory ; Total CPU Time (on all processors) ;
+---------------------------+--------------+-------------------------+---------------------+------------------------------------+
; Analysis & Synthesis      ; 00:00:24     ; 1.0                     ; 362 MB              ; 00:00:24                           ;
; Fitter                    ; 00:00:23     ; 1.0                     ; 467 MB              ; 00:00:18                           ;
; Assembler                 ; 00:00:04     ; 1.0                     ; 358 MB              ; 00:00:03                           ;
; TimeQuest Timing Analyzer ; 00:00:05     ; 1.0                     ; 355 MB              ; 00:00:03                           ;
; Design Assistant          ; 00:00:03     ; 1.0                     ; 337 MB              ; 00:00:02                           ;
; Total                     ; 00:00:59     ; --                      ; --                  ; 00:00:50                           ;
+---------------------------+--------------+-------------------------+---------------------+------------------------------------+


+----------------------------------------------------------------------------------------+
; Flow OS Summary                                                                        ;
+---------------------------+------------------+-----------+------------+----------------+
; Module Name               ; Machine Hostname ; OS Name   ; OS Version ; Processor type ;
+---------------------------+------------------+-----------+------------+----------------+
; Analysis & Synthesis      ; jspark-PC        ; Windows 7 ; 6.1        ; i686           ;
; Fitter                    ; jspark-PC        ; Windows 7 ; 6.1        ; i686           ;
; Assembler                 ; jspark-PC        ; Windows 7 ; 6.1        ; i686           ;
; TimeQuest Timing Analyzer ; jspark-PC        ; Windows 7 ; 6.1        ; i686           ;
; Design Assistant          ; jspark-PC        ; Windows 7 ; 6.1        ; i686           ;
+---------------------------+------------------+-----------+------------+----------------+


------------
; Flow Log ;
------------
quartus_map --read_settings_files=on --write_settings_files=off Project4 -c Project4
quartus_fit --read_settings_files=off --write_settings_files=off Project4 -c Project4
quartus_asm --read_settings_files=off --write_settings_files=off Project4 -c Project4
quartus_sta Project4 -c Project4
quartus_drc --read_settings_files=off --write_settings_files=off Project4 -c Project4



